<?xml version='1.0' encoding='UTF-8'?>
<testsuite hostname="LAPTOP-UC3D8OO3" name="TestAuxStringToAsciiList" tests="6" errors="0" failures="0" skipped="0" time="0.038" timestamp="2023-11-17T15:14:26">
          <properties>
[...]
</properties>
          <testcase classname="TestAuxStringToAsciiList" name="StrinToAscii should Test 1: Empty string should return an empty list" time="0.034">
                      
                    </testcase><testcase classname="TestAuxStringToAsciiList" name="StrinToAscii should Test 2: Block size greater than string length should return a list with ASCII values of characters" time="0.001">
                      
                    </testcase><testcase classname="TestAuxStringToAsciiList" name="StrinToAscii should Test 3: Block size equal to string length should return a list with ASCII values of characters" time="0.0">
                      
                    </testcase><testcase classname="TestAuxStringToAsciiList" name="StrinToAscii should Test 4: Block size less than string length should return a list with ASCII values of characters in blocks" time="0.001">
                      
                    </testcase><testcase classname="TestAuxStringToAsciiList" name="StrinToAscii should Test 5: Special characters in the string should be converted to ASCII values" time="0.001">
                      
                    </testcase><testcase classname="TestAuxStringToAsciiList" name="StrinToAscii should Test 6: Mix of uppercase and lowercase characters in the string" time="0.001">
                      
                    </testcase>
          <system-out><![CDATA[]]></system-out>
          <system-err><![CDATA[]]></system-err>
        </testsuite>