<?xml version='1.0' encoding='UTF-8'?>
<testsuite hostname="LAPTOP-UC3D8OO3" name="TestChecksumSingle" tests="40" errors="0" failures="0" skipped="0" time="3.94" timestamp="2023-11-17T15:14:26">
          <properties>
[...]
</properties>
          <testcase classname="TestChecksumSingle" name="SingleCheckSum should calculate the correct checksum for a given data string 1 (TOY)" time="0.035">
                      
                    </testcase><testcase classname="TestChecksumSingle" name="SingleCheckSum should calculate the correct checksum for a given data string 2 (TOY)" time="0.001">
                      
                    </testcase><testcase classname="TestChecksumSingle" name="SingleCheckSum should calculate the correct checksum for a given data string 3 (TOY)" time="0.001">
                      
                    </testcase><testcase classname="TestChecksumSingle" name="SingleCheckSum should calculate the correct checksum for a given data string 4 (TOY)" time="0.001">
                      
                    </testcase><testcase classname="TestChecksumSingle" name="SingleCheckSum should calculate the correct checksum for a given data string 5 (TOY)" time="0.001">
                      
                    </testcase><testcase classname="TestChecksumSingle" name="SingleCheckSum should calculate the correct checksum for a given data string 6 (TOY)" time="0.001">
                      
                    </testcase><testcase classname="TestChecksumSingle" name="SingleCheckSum should calculate the correct checksum for a given data string 7 (TOY)" time="0.002">
                      
                    </testcase><testcase classname="TestChecksumSingle" name="SingleCheckSum should calculate the correct checksum for a given data string 8 (TOY)" time="0.002">
                      
                    </testcase><testcase classname="TestChecksumSingle" name="SingleCheckSum should calculate the correct checksum for a given data string 9 (TOY)" time="0.002">
                      
                    </testcase><testcase classname="TestChecksumSingle" name="SingleCheckSum should calculate the correct checksum for a given data string 10 (TOY)" time="0.001">
                      
                    </testcase><testcase classname="TestChecksumSingle" name="SingleCheckSum should calculate the correct checksum for a given data string 1 (PEQUEÑA)" time="0.025">
                      
                    </testcase><testcase classname="TestChecksumSingle" name="SingleCheckSum should calculate the correct checksum for a given data string 2 (PEQUEÑA)" time="0.004">
                      
                    </testcase><testcase classname="TestChecksumSingle" name="SingleCheckSum should calculate the correct checksum for a given data string 3 (PEQUEÑA)" time="0.004">
                      
                    </testcase><testcase classname="TestChecksumSingle" name="SingleCheckSum should calculate the correct checksum for a given data string 4 (PEQUEÑA)" time="0.005">
                      
                    </testcase><testcase classname="TestChecksumSingle" name="SingleCheckSum should calculate the correct checksum for a given data string 5 (PEQUEÑA)" time="0.006">
                      
                    </testcase><testcase classname="TestChecksumSingle" name="SingleCheckSum should calculate the correct checksum for a given data string 6 (PEQUEÑA)" time="0.006">
                      
                    </testcase><testcase classname="TestChecksumSingle" name="SingleCheckSum should calculate the correct checksum for a given data string 7 (PEQUEÑA)" time="0.005">
                      
                    </testcase><testcase classname="TestChecksumSingle" name="SingleCheckSum should calculate the correct checksum for a given data string 8 (PEQUEÑA)" time="0.007">
                      
                    </testcase><testcase classname="TestChecksumSingle" name="SingleCheckSum should calculate the correct checksum for a given data string 9 (PEQUEÑA)" time="0.003">
                      
                    </testcase><testcase classname="TestChecksumSingle" name="SingleCheckSum should calculate the correct checksum for a given data string 10 (PEQUEÑA)" time="0.004">
                      
                    </testcase><testcase classname="TestChecksumSingle" name="SingleCheckSum should calculate the correct checksum for a given data string 1 (MEDIANA)" time="0.024">
                      
                    </testcase><testcase classname="TestChecksumSingle" name="SingleCheckSum should calculate the correct checksum for a given data string 2 (MEDIANA)" time="0.04">
                      
                    </testcase><testcase classname="TestChecksumSingle" name="SingleCheckSum should calculate the correct checksum for a given data string 3 (MEDIANA)" time="0.017">
                      
                    </testcase><testcase classname="TestChecksumSingle" name="SingleCheckSum should calculate the correct checksum for a given data string 4 (MEDIANA)" time="0.02">
                      
                    </testcase><testcase classname="TestChecksumSingle" name="SingleCheckSum should calculate the correct checksum for a given data string 5 (MEDIANA)" time="0.019">
                      
                    </testcase><testcase classname="TestChecksumSingle" name="SingleCheckSum should calculate the correct checksum for a given data string 6 (MEDIANA)" time="0.023">
                      
                    </testcase><testcase classname="TestChecksumSingle" name="SingleCheckSum should calculate the correct checksum for a given data string 7 (MEDIANA)" time="0.036">
                      
                    </testcase><testcase classname="TestChecksumSingle" name="SingleCheckSum should calculate the correct checksum for a given data string 8 (MEDIANA)" time="0.018">
                      
                    </testcase><testcase classname="TestChecksumSingle" name="SingleCheckSum should calculate the correct checksum for a given data string 9 (MEDIANA)" time="0.019">
                      
                    </testcase><testcase classname="TestChecksumSingle" name="SingleCheckSum should calculate the correct checksum for a given data string 10 (MEDIANA)" time="0.019">
                      
                    </testcase><testcase classname="TestChecksumSingle" name="SingleCheckSum should calculate the correct checksum for a given data string 1 (GRANDE)" time="0.314">
                      
                    </testcase><testcase classname="TestChecksumSingle" name="SingleCheckSum should calculate the correct checksum for a given data string 2 (GRANDE)" time="0.307">
                      
                    </testcase><testcase classname="TestChecksumSingle" name="SingleCheckSum should calculate the correct checksum for a given data string 3 (GRANDE)" time="0.317">
                      
                    </testcase><testcase classname="TestChecksumSingle" name="SingleCheckSum should calculate the correct checksum for a given data string 4 (GRANDE)" time="0.303">
                      
                    </testcase><testcase classname="TestChecksumSingle" name="SingleCheckSum should calculate the correct checksum for a given data string 5 (GRANDE)" time="0.298">
                      
                    </testcase><testcase classname="TestChecksumSingle" name="SingleCheckSum should calculate the correct checksum for a given data string 6 (GRANDE)" time="0.326">
                      
                    </testcase><testcase classname="TestChecksumSingle" name="SingleCheckSum should calculate the correct checksum for a given data string 7 (GRANDE)" time="0.878">
                      
                    </testcase><testcase classname="TestChecksumSingle" name="SingleCheckSum should calculate the correct checksum for a given data string 8 (GRANDE)" time="0.253">
                      
                    </testcase><testcase classname="TestChecksumSingle" name="SingleCheckSum should calculate the correct checksum for a given data string 9 (GRANDE)" time="0.229">
                      
                    </testcase><testcase classname="TestChecksumSingle" name="SingleCheckSum should calculate the correct checksum for a given data string 10 (GRANDE)" time="0.364">
                      
                    </testcase>
          <system-out><![CDATA[]]></system-out>
          <system-err><![CDATA[]]></system-err>
        </testsuite>